geofencing_check/build/app/intermediates/manifest_merge_blame_file/debug/manifest-merger-blame-debug-report.txt
1<?xml version="1.0" encoding="utf-8"?>
2<manifest xmlns:android="http://schemas.android.com/apk/res/android"
3    package="thedeliverers.geofencing_check"
4    android:versionCode="1"
5    android:versionName="1.0.0" >
6
7    <uses-sdk
8        android:minSdkVersion="16"
9        android:targetSdkVersion="30" />
10    <!--
11         Flutter needs it to communicate with the running application
12         to allow setting breakpoints, to provide hot reload, etc.
13    -->
14    <uses-permission android:name="android.permission.INTERNET" />
14-->src\debug\AndroidManifest.xml:6:5-66
14-->src\debug\AndroidManifest.xml:6:22-64
15    <uses-permission android:name="android.permission.ACCESS_FINE_LOCATION" />
15-->src\main\AndroidManifest.xml:3:5-79
15-->src\main\AndroidManifest.xml:3:22-76
16    <uses-permission android:name="android.permission.RECEIVE_BOOT_COMPLETED" />
16-->src\main\AndroidManifest.xml:4:5-80
16-->src\main\AndroidManifest.xml:4:22-78
17    <uses-permission android:name="android.permission.ACCESS_COARSE_LOCATION" />
17-->src\main\AndroidManifest.xml:5:5-81
17-->src\main\AndroidManifest.xml:5:22-78
18    <uses-permission android:name="android.permission.ACCESS_BACKGROUND_LOCATION" />
18-->src\main\AndroidManifest.xml:6:5-85
18-->src\main\AndroidManifest.xml:6:22-82
19    <uses-permission android:name="android.permission.FOREGROUND_SERVICE" />
19-->src\main\AndroidManifest.xml:7:5-77
19-->src\main\AndroidManifest.xml:7:22-74
20    <uses-permission android:name="android.permission.ACCESS_NETWORK_STATE" />
20-->[io.radar:sdk:3.1.4] AndroidManifest.xml:12:5-79
20-->[io.radar:sdk:3.1.4] AndroidManifest.xml:12:22-76
21
22    <application
22-->src\main\AndroidManifest.xml:8:4-52:19
23        android:appComponentFactory="androidx.core.app.CoreComponentFactory"
23-->[androidx.core:core:1.3.2] AndroidManifest.xml:24:18-86
24        android:debuggable="true"
25        android:icon="@mipmap/ic_launcher"
25-->src\main\AndroidManifest.xml:10:9-43
26        android:label="geofencing_check" >
26-->src\main\AndroidManifest.xml:9:9-41
27        <activity
27-->src\main\AndroidManifest.xml:11:9-39:20
28            android:name="thedeliverers.geofencing_check.MainActivity"
28-->src\main\AndroidManifest.xml:12:13-41
29            android:configChanges="orientation|keyboardHidden|keyboard|screenSize|smallestScreenSize|locale|layoutDirection|fontScale|screenLayout|density|uiMode"
29-->src\main\AndroidManifest.xml:15:13-163
30            android:hardwareAccelerated="true"
30-->src\main\AndroidManifest.xml:16:13-47
31            android:launchMode="singleTop"
31-->src\main\AndroidManifest.xml:13:13-43
32            android:theme="@style/LaunchTheme"
32-->src\main\AndroidManifest.xml:14:13-47
33            android:windowSoftInputMode="adjustResize" >
33-->src\main\AndroidManifest.xml:17:13-55
34
35            <!--
36                 Specifies an Android theme to apply to this Activity as soon as
37                 the Android process has started. This theme is visible to the user
38                 while the Flutter UI initializes. After that, this theme continues
39                 to determine the Window background behind the Flutter UI.
40            -->
41            <meta-data
41-->src\main\AndroidManifest.xml:22:13-25:17
42                android:name="io.flutter.embedding.android.NormalTheme"
42-->src\main\AndroidManifest.xml:23:15-70
43                android:resource="@style/NormalTheme" />
43-->src\main\AndroidManifest.xml:24:15-52
44            <!--
45                 Displays an Android View that continues showing the launch screen
46                 Drawable until Flutter paints its first frame, then this splash
47                 screen fades out. A splash screen is useful to avoid any visual
48                 gap between the end of Android's launch screen and the painting of
49                 Flutter's first frame.
50            -->
51            <meta-data
51-->src\main\AndroidManifest.xml:31:13-34:17
52                android:name="io.flutter.embedding.android.SplashScreenDrawable"
52-->src\main\AndroidManifest.xml:32:15-79
53                android:resource="@drawable/launch_background" />
53-->src\main\AndroidManifest.xml:33:15-61
54
55            <intent-filter>
55-->src\main\AndroidManifest.xml:35:13-38:29
56                <action android:name="android.intent.action.MAIN" />
56-->src\main\AndroidManifest.xml:36:17-68
56-->src\main\AndroidManifest.xml:36:25-66
57
58                <category android:name="android.intent.category.LAUNCHER" />
58-->src\main\AndroidManifest.xml:37:17-76
58-->src\main\AndroidManifest.xml:37:27-74
59            </intent-filter>
60        </activity>
61        <!--
62             Don't delete the meta-data below.
63             This is used by the Flutter tool to generate GeneratedPluginRegistrant.java
64        -->
65        <meta-data
65-->src\main\AndroidManifest.xml:42:9-44:33
66            android:name="flutterEmbedding"
66-->src\main\AndroidManifest.xml:43:13-44
67            android:value="2" />
67-->src\main\AndroidManifest.xml:44:13-30
68
69        <service
69-->src\main\AndroidManifest.xml:45:8-48:42
70            android:name="com.pravera.poly_geofence_service.service.LocationProviderIntentService"
70-->src\main\AndroidManifest.xml:46:12-98
71            android:permission="android.permission.BIND_JOB_SERVICE"
71-->src\main\AndroidManifest.xml:47:12-68
72            android:stopWithTask="true" />
72-->src\main\AndroidManifest.xml:48:12-39
73        <service
73-->src\main\AndroidManifest.xml:49:8-51:42
74            android:name="com.pravera.flutter_foreground_task.service.ForegroundService"
74-->src\main\AndroidManifest.xml:50:12-88
75            android:stopWithTask="true" />
75-->src\main\AndroidManifest.xml:51:12-39
76
77        <receiver
77-->[:flutter_radar] AndroidManifest.xml:8:9-15:20
78            android:name="io.radar.flutter.RadarFlutterPlugin$RadarFlutterReceiver"
78-->[:flutter_radar] AndroidManifest.xml:9:13-84
79            android:enabled="true"
79-->[:flutter_radar] AndroidManifest.xml:10:13-35
80            android:exported="false" >
80-->[:flutter_radar] AndroidManifest.xml:11:13-37
81            <intent-filter>
81-->[:flutter_radar] AndroidManifest.xml:12:13-14:29
82                <action android:name="io.radar.sdk.RECEIVED" />
82-->[:flutter_radar] AndroidManifest.xml:13:17-64
82-->[:flutter_radar] AndroidManifest.xml:13:25-61
83            </intent-filter>
84        </receiver>
85
86        <service
86-->[:flutter_radar] AndroidManifest.xml:17:9-20:43
87            android:name="io.radar.flutter.RadarForegroundService"
87-->[:flutter_radar] AndroidManifest.xml:18:13-67
88            android:foregroundServiceType="location"
88-->[:flutter_radar] AndroidManifest.xml:19:13-53
89            android:stopWithTask="true" />
89-->[:flutter_radar] AndroidManifest.xml:20:13-40
90
91        <receiver
91-->[io.radar:sdk:3.1.4] AndroidManifest.xml:17:9-26:20
92            android:name="io.radar.sdk.RadarLocationReceiver"
92-->[io.radar:sdk:3.1.4] AndroidManifest.xml:18:13-62
93            android:enabled="true"
93-->[io.radar:sdk:3.1.4] AndroidManifest.xml:19:13-35
94            android:exported="false" >
94-->[io.radar:sdk:3.1.4] AndroidManifest.xml:20:13-37
95            <intent-filter android:priority="999" >
95-->[io.radar:sdk:3.1.4] AndroidManifest.xml:21:13-25:29
95-->[io.radar:sdk:3.1.4] AndroidManifest.xml:21:28-50
96                <action android:name="io.radar.sdk.LocationReceiver.GEOFENCE_TRANSITIONED" />
96-->[io.radar:sdk:3.1.4] AndroidManifest.xml:22:17-94
96-->[io.radar:sdk:3.1.4] AndroidManifest.xml:22:25-91
97                <action android:name="io.radar.sdk.LocationReceiver.LOCATIONS_RECEIVED" />
97-->[io.radar:sdk:3.1.4] AndroidManifest.xml:23:17-91
97-->[io.radar:sdk:3.1.4] AndroidManifest.xml:23:25-88
98                <action android:name="android.intent.action.BOOT_COMPLETED" />
98-->[io.radar:sdk:3.1.4] AndroidManifest.xml:24:17-79
98-->[io.radar:sdk:3.1.4] AndroidManifest.xml:24:25-76
99            </intent-filter>
100        </receiver>
101
102        <service
102-->[io.radar:sdk:3.1.4] AndroidManifest.xml:28:9-31:72
103            android:name="io.radar.sdk.RadarJobScheduler"
103-->[io.radar:sdk:3.1.4] AndroidManifest.xml:29:13-58
104            android:exported="true"
104-->[io.radar:sdk:3.1.4] AndroidManifest.xml:30:13-36
105            android:permission="android.permission.BIND_JOB_SERVICE" />
105-->[io.radar:sdk:3.1.4] AndroidManifest.xml:31:13-69
106
107        <activity
107-->[com.google.android.gms:play-services-base:17.5.0] AndroidManifest.xml:23:9-26:75
108            android:name="com.google.android.gms.common.api.GoogleApiActivity"
108-->[com.google.android.gms:play-services-base:17.5.0] AndroidManifest.xml:24:13-79
109            android:exported="false"
109-->[com.google.android.gms:play-services-base:17.5.0] AndroidManifest.xml:25:13-37
110            android:theme="@android:style/Theme.Translucent.NoTitleBar" />
110-->[com.google.android.gms:play-services-base:17.5.0] AndroidManifest.xml:26:13-72
111
112        <meta-data
112-->[com.google.android.gms:play-services-basement:17.5.0] AndroidManifest.xml:23:9-25:69
113            android:name="com.google.android.gms.version"
113-->[com.google.android.gms:play-services-basement:17.5.0] AndroidManifest.xml:24:13-58
114            android:value="@integer/google_play_services_version" />
114-->[com.google.android.gms:play-services-basement:17.5.0] AndroidManifest.xml:25:13-66
115    </application>
116
117</manifest>